<?xml version="1.0" encoding="UTF-8"?>
<!-- Generated by org.testng.reporters.JUnitReportReporter -->
<testsuite skipped="0" hostname="Anupam-Patil.local" name="com.crest.test.HomePageTest" tests="1" failures="0" timestamp="8 Nov 2016 07:51:02 GMT" time="13.093" errors="0">
  <testcase name="verifyHomePageDescription" time="13.093" classname="com.crest.test.HomePageTest"/>
</testsuite> <!-- com.crest.test.HomePageTest -->
